<?xml version="1.0" encoding="UTF-8"?>
<!-- Generated by org.testng.reporters.JUnitReportReporter -->
<testsuite hostname="DESKTOP-1B6O86T" failures="0" tests="2" name="kloeckner.TestCases.VerficationOfCardDetails" time="144.153" errors="0" timestamp="2020-02-15T15:19:18 CET" skipped="0">
  <testcase classname="kloeckner.TestCases.VerficationOfCardDetails" name="VerificationofListNameOnCard" time="79.454"/>
  <testcase classname="kloeckner.TestCases.VerficationOfCardDetails" name="VerificationofCardNameOnCard" time="64.699"/>
</testsuite> <!-- kloeckner.TestCases.VerficationOfCardDetails -->
