<?xml version="1.0" encoding="UTF-8"?>
<!-- Generated by org.testng.reporters.JUnitReportReporter -->
<testsuite hostname="DESKTOP-1B6O86T" failures="0" tests="3" name="kloeckner.TestCases.VerificationOfAddingMembers" time="189.065" errors="0" timestamp="2020-02-15T15:19:18 CET" skipped="0">
  <testcase classname="kloeckner.TestCases.VerificationOfAddingMembers" name="VerificationofAddingMembersToBoard" time="62.933"/>
  <testcase classname="kloeckner.TestCases.VerificationOfAddingMembers" name="VerificationofAddingMembersToCard" time="59.234"/>
  <testcase classname="kloeckner.TestCases.VerificationOfAddingMembers" name="VerificationofAddedMemberatCardAndBoard" time="66.898"/>
</testsuite> <!-- kloeckner.TestCases.VerificationOfAddingMembers -->
